*** 2020-10-02 10:33:56.866 Adempiere Log (CLogFile) ***
10:33:56.865 Adempiere.startup: ADempiere(r) Release 3.9.2_2019-05-03 -Smart Suite ERP,CRM and SCM- (c) 1999-2019 ADempiere(r); Implementation: ADempiere - Supported by ADempiere community [1]
10:33:56.898 Ini.loadProperties: D:\GitHub\vdevsoft\workadempiere\ws392w/adempiere/adempiere/Adempiere/Adempiere.properties #37 [1]
10:33:58.817   CLogMgt.setLevel: CONFIG [1]
10:33:59.013   GridField.loadLookup: (ReportType) [1]
-----------> MigrationFromXML.loadXML: No file or directory found [1]
10:34:00.158   MigrationLoader.main: Process=Import migration from XML Error=false Summary=Import complete [1]
10:34:00.162   GridField.loadLookup: (ReportType) [1]
10:34:00.185 SequenceCheck.doIt:  [1]
10:34:00.224 SequenceCheck.checkTableID: IDRangeEnd = 9999999 [1]
10:34:00.286 SequenceCheck.checkTableID: IDRangeEnd = 9999999 [1]
10:34:08.336 MSequence.checkClientSequences: AD_Client_ID=11 - created #0 - success=true [1]
10:34:08.347 MSequence.checkClientSequences: AD_Client_ID=0 - created #0 - success=true [1]
10:34:08.372   MigrationLoader.main: Process=Sequence Check Error=false Summary=Sequence Check [1]
10:34:08.377   GridField.loadLookup: (ReportType) [1]
10:34:08.427 SynchronizeTerminology.doIt: Adding missing Element Translations [1]
10:34:08.459 SynchronizeTerminology.doIt:   rows updated: 0 [1]
10:34:08.459 SynchronizeTerminology.doIt: Creating link from Element to Column [1]
10:34:08.472 SynchronizeTerminology.doIt:   rows updated: 0 [1]
10:34:08.473 SynchronizeTerminology.doIt: Synchronize Column [1]
10:34:08.528 SynchronizeTerminology.doIt:   rows updated: 0 [1]
10:34:08.529 SynchronizeTerminology.doIt: Synchronize Field [1]
10:34:08.774 SynchronizeTerminology.doIt:   rows updated: 131 [1]
10:34:08.777 SynchronizeTerminology.doIt: Synchronize Field Translations [1]
10:34:09.033 SynchronizeTerminology.doIt:   rows updated: 88 [1]
10:34:09.037 SynchronizeTerminology.doIt: Synchronize PO Field [1]
10:34:09.104 SynchronizeTerminology.doIt:   rows updated: 131 [1]
10:34:09.105 SynchronizeTerminology.doIt: Synchronize PO Field Translations [1]
10:34:09.180 SynchronizeTerminology.doIt:   rows updated: 88 [1]
10:34:09.182 SynchronizeTerminology.doIt: Synchronize Field from Process [1]
10:34:09.234 SynchronizeTerminology.doIt:   rows updated: 0 [1]
10:34:09.235 SynchronizeTerminology.doIt: Synchronize Field Trl from Process Trl [1]
10:34:09.313 SynchronizeTerminology.doIt:   rows updated: 0 [1]
10:34:09.314 SynchronizeTerminology.doIt: Synchronize Browse Field [1]
10:34:09.371 SynchronizeTerminology.doIt:   rows updated: 0 [1]
10:34:09.372 SynchronizeTerminology.doIt: Synchronize Browse Field Translations [1]
10:34:09.450 SynchronizeTerminology.doIt:   rows updated: 0 [1]
10:34:09.478 SynchronizeTerminology.doIt:   rows updated: 0 [1]
10:34:09.483 SynchronizeTerminology.doIt:   rows updated: 0 [1]
10:34:09.484 SynchronizeTerminology.doIt: Synchronize Process Parameter [1]
10:34:09.491 SynchronizeTerminology.doIt:   rows updated: 0 [1]
10:34:09.492 SynchronizeTerminology.doIt: Synchronize Process Parameter Trl [1]
10:34:09.530 SynchronizeTerminology.doIt:   rows updated: 0 [1]
10:34:09.531 SynchronizeTerminology.doIt: Synchronize Workflow Node from Window [1]
10:34:09.539 SynchronizeTerminology.doIt:   rows updated: 1 [1]
10:34:09.540 SynchronizeTerminology.doIt: Synchronize Workflow Node Trl from Window Trl [1]
10:34:09.571 SynchronizeTerminology.doIt:   rows updated: 1 [1]
10:34:09.572 SynchronizeTerminology.doIt: Synchronize Workflow Node from Form [1]
10:34:09.576 SynchronizeTerminology.doIt:   rows updated: 0 [1]
10:34:09.576 SynchronizeTerminology.doIt: Synchronize Workflow Node Trl from Form Trl [1]
10:34:09.589 SynchronizeTerminology.doIt:   rows updated: 0 [1]
10:34:09.589 SynchronizeTerminology.doIt: Synchronize Workflow Node from Process [1]
10:34:09.592 SynchronizeTerminology.doIt:   rows updated: 1 [1]
10:34:09.594 SynchronizeTerminology.doIt: Synchronize Workflow Node Trl from Process Trl [1]
10:34:09.597 SynchronizeTerminology.doIt:   rows updated: 1 [1]
10:34:09.598 SynchronizeTerminology.doIt: Synchronize PrintFormatItem Name from Element [1]
10:34:09.653 SynchronizeTerminology.doIt:   rows updated: 0 [1]
10:34:09.654 SynchronizeTerminology.doIt: Synchronize PrintFormatItem PrintName from Element [1]
10:34:09.719 SynchronizeTerminology.doIt:   rows updated: 0 [1]
10:34:09.720 SynchronizeTerminology.doIt: Synchronize PrintFormatItem Trl from Element Trl (Multi-Lingual) [1]
10:34:09.775 SynchronizeTerminology.doIt:   rows updated: 0 [1]
10:34:09.776 SynchronizeTerminology.doIt: Synchronize PrintFormatItem Trl (Not Multi-Lingual) [1]
10:34:09.784 SynchronizeTerminology.doIt:   rows updated: 0 [1]
10:34:09.785 SynchronizeTerminology.doIt: Reset PrintFormatItem Trl where not used in base table [1]
10:34:09.791 SynchronizeTerminology.doIt:   rows updated: 0 [1]
10:34:09.791 SynchronizeTerminology.doIt: Synchronizing Menu with Window [1]
10:34:09.806 SynchronizeTerminology.doIt:   rows updated: 437 [1]
10:34:09.837 SynchronizeTerminology.doIt:   rows updated: 437 [1]
10:34:09.840 SynchronizeTerminology.doIt: Synchronizing Menu with Processes [1]
10:34:09.846 SynchronizeTerminology.doIt:   rows updated: 210 [1]
10:34:09.857 SynchronizeTerminology.doIt:   rows updated: 210 [1]
10:34:09.858 SynchronizeTerminology.doIt: Synchronizing Menu with Forms [1]
10:34:09.861 SynchronizeTerminology.doIt:   rows updated: 35 [1]
10:34:09.879 SynchronizeTerminology.doIt:   rows updated: 35 [1]
10:34:09.879 SynchronizeTerminology.doIt: Synchronizing Menu with Workflows [1]
10:34:09.884 SynchronizeTerminology.doIt:   rows updated: 21 [1]
10:34:09.904 SynchronizeTerminology.doIt:   rows updated: 21 [1]
10:34:09.905 SynchronizeTerminology.doIt: Synchronizing Menu with Tasks [1]
10:34:09.908 SynchronizeTerminology.doIt:   rows updated: 3 [1]
10:34:09.923 SynchronizeTerminology.doIt:   rows updated: 3 [1]
10:34:09.924 SynchronizeTerminology.doIt: Synchronizing Column with Element [1]
10:34:09.953 SynchronizeTerminology.doIt:   rows updated: 0 [1]
10:34:10.042 SynchronizeTerminology.doIt:   rows updated: 0 [1]
10:34:10.043 SynchronizeTerminology.doIt: Synchronizing Table with Element [1]
10:34:10.050 SynchronizeTerminology.doIt:   rows updated: 0 [1]
10:34:10.079 SynchronizeTerminology.doIt:   trl rows updated: 0 [1]
10:34:10.098 SynchronizeTerminology.doIt:   trl rows updated: 60 [1]
10:34:10.156 SynchronizeTerminology.doIt:   trl rows updated: 61 [1]
10:34:10.159 SynchronizeTerminology.doIt: Synchronizing Report View with Table [1]
10:34:10.175 SynchronizeTerminology.doIt:   trl rows updated: 0 [1]
10:34:10.176 SynchronizeTerminology.doIt: Synchronizing Report View with Table [1]
10:34:10.199 SynchronizeTerminology.doIt:   trl rows updated: 0 [1]
10:34:10.255 Msg.initMsg: Records=1539 - en_US [1]
10:34:10.267   MigrationLoader.main: Process=Synchronize Terminology Error=false Summary=OK [1]
10:34:10.295   GridField.loadLookup: (ReportType) [1]
10:34:10.329 RoleAccessUpdate.doIt: AD_Client_ID=0, AD_Role_ID=0 [1]
10:34:10.656 RoleAccessUpdate.addLog: 0 - null - null - System Administrator: @AD_Window_ID@ #172 -  @AD_Process_ID@ #91 -  @AD_Form_ID@ #12 -  @AD_Browse_ID@ #1 -  @AD_Workflow_ID@ #9 -  @DocAction@ #14 -  @PA_DashboardContent_ID@ #0 [1]
10:34:10.698   MigrationLoader.main: Process=Role Access Update Error=false Summary= [1]
10:34:10.702   GridField.loadLookup: (ReportType) [1]
10:34:12.665   GardenWorldCleanUp.doIt: Successfully updated Garden World data. [1]
10:34:12.742   MigrationLoader.main: Process=Clean Up Garden World Error=false Summary=Successfully updated Garden World data. [1]

*** 2020-10-02 10:34:12.745 Adempiere Log (CLogFile) ***
